<?xml version="1.0" encoding="UTF-8"?>
<testng-results ignored="0" total="1" passed="1" failed="0" skipped="0">
  <reporter-output>
  </reporter-output>
  <suite started-at="2023-08-31T13:24:17 CDT" name="Default suite" finished-at="2023-08-31T13:24:21 CDT" duration-ms="4526">
    <groups>
      <group name="cucumber">
        <method signature="AbstractTestNGCucumberTests.feature(cucumber.api.testng.CucumberFeatureWrapper)[pri:0, instance:testRunner.TestRunnerClass@7fd50002]" name="feature" class="cucumber.api.testng.AbstractTestNGCucumberTests"/>
      </group> <!-- cucumber -->
    </groups>
    <test started-at="2023-08-31T13:24:17 CDT" name="Default test" finished-at="2023-08-31T13:24:21 CDT" duration-ms="4526">
      <class name="testRunner.TestRunnerClass">
        <test-method is-config="true" signature="setUpClass()[pri:0, instance:testRunner.TestRunnerClass@7fd50002]" started-at="2023-08-31T13:24:17 CDT" name="setUpClass" finished-at="2023-08-31T13:24:17 CDT" duration-ms="205" status="PASS">
          <reporter-output>
          </reporter-output>
        </test-method> <!-- setUpClass -->
        <test-method signature="feature(cucumber.api.testng.CucumberFeatureWrapper)[pri:0, instance:testRunner.TestRunnerClass@7fd50002]" started-at="2023-08-31T13:24:17 CDT" name="feature" description="Runs Cucumber Feature" data-provider="features" finished-at="2023-08-31T13:24:21 CDT" duration-ms="4185" status="PASS">
          <params>
            <param index="0">
              <value>
                <![CDATA[This is a log in feature for verify log in functionality]]>
              </value>
            </param>
          </params>
          <reporter-output>
          </reporter-output>
        </test-method> <!-- feature -->
        <test-method is-config="true" signature="tearDownClass()[pri:0, instance:testRunner.TestRunnerClass@7fd50002]" started-at="2023-08-31T13:24:21 CDT" name="tearDownClass" finished-at="2023-08-31T13:24:21 CDT" duration-ms="12" status="PASS">
          <reporter-output>
          </reporter-output>
        </test-method> <!-- tearDownClass -->
      </class> <!-- testRunner.TestRunnerClass -->
    </test> <!-- Default test -->
  </suite> <!-- Default suite -->
</testng-results>
